d:\github\platformer_game\x64\debug\vc142.pdb
d:\github\platformer_game\x64\debug\vc142.idb
d:\github\platformer_game\x64\debug\tilesmanager.obj
d:\github\platformer_game\x64\debug\tile.obj
d:\github\platformer_game\x64\debug\spikesmanager.obj
d:\github\platformer_game\x64\debug\spike.obj
d:\github\platformer_game\x64\debug\point.obj
d:\github\platformer_game\x64\debug\playermanager.obj
d:\github\platformer_game\x64\debug\main.obj
d:\github\platformer_game\x64\debug\levelmanager.obj
d:\github\platformer_game\x64\debug\keyboard.obj
d:\github\platformer_game\x64\debug\igraphics.obj
d:\github\platformer_game\x64\debug\gamemanager.obj
d:\github\platformer_game\x64\debug\draw.obj
d:\github\platformer_game\x64\debug\color.obj
d:\github\platformer_game\x64\debug\cameramanager.obj
d:\github\platformer_game\x64\debug\box.obj
d:\github\platformer_game\x64\debug\menumanager.obj
d:\github\platformer_game\x64\debug\scoremanager.obj
d:\github\platformer_game\x64\debug\platformer_game.exe
d:\github\platformer_game\x64\debug\platformer_game.ilk
d:\github\platformer_game\x64\debug\platformer_game.pdb
d:\github\platformer_game\x64\debug\platformer_game.tlog\cl.command.1.tlog
d:\github\platformer_game\x64\debug\platformer_game.tlog\cl.read.1.tlog
d:\github\platformer_game\x64\debug\platformer_game.tlog\cl.write.1.tlog
d:\github\platformer_game\x64\debug\platformer_game.tlog\link.command.1.tlog
d:\github\platformer_game\x64\debug\platformer_game.tlog\link.read.1.tlog
d:\github\platformer_game\x64\debug\platformer_game.tlog\link.write.1.tlog
